<?xml version="1.0" encoding="UTF-8" ?>
<testsuite tests="34" failures="0" name="com.adcatin.runner.TestRunner" time="0.017" errors="0" skipped="0">
  <properties>
[...]
</properties>
  <testcase classname="Scenario: Verify the user able to login application" name="Given : User launches the application" time="0.008"/>
  <testcase classname="Scenario: Verify the user able to login application" name="When : User  enters the valid username in username field" time="0"/>
  <testcase classname="Scenario: Verify the user able to login application" name="And : User enters the valid password in password field" time="0"/>
  <testcase classname="Scenario: Verify the user able to login application" name="And : User click the login button" time="0"/>
  <testcase classname="Scenario: Verify the user able to login application" name="Then : User the verify wheather the Homepage navigates to search Hotelpage" time="0"/>
  <testcase classname="Scenario: Verify the user able to login application" name="Scenario: Verify the user able to login application" time="0"/>
  <testcase classname="Scenario: Verify the user able to search hotel room" name="When : User select the location on location field" time="0.001"/>
  <testcase classname="Scenario: Verify the user able to search hotel room" name="And : User select the hotel on hotel field" time="0"/>
  <testcase classname="Scenario: Verify the user able to search hotel room" name="When : User select the room type in room type field" time="0"/>
  <testcase classname="Scenario: Verify the user able to search hotel room" name="And :  User selcet number of rooms in rooms field" time="0"/>
  <testcase classname="Scenario: Verify the user able to search hotel room" name="When : User enter the check in date in date field" time="0"/>
  <testcase classname="Scenario: Verify the user able to search hotel room" name="And : User enter the check out date in out date field" time="0"/>
  <testcase classname="Scenario: Verify the user able to search hotel room" name="When : User  select  the number of adults in adult field" time="0"/>
  <testcase classname="Scenario: Verify the user able to search hotel room" name="And : User select number of children per room in children field" time="0"/>
  <testcase classname="Scenario: Verify the user able to search hotel room" name="And : User click the search button" time="0"/>
  <testcase classname="Scenario: Verify the user able to search hotel room" name="Then : User verify wheather the Searchhotel page navigates to Selecthotel page" time="0.001"/>
  <testcase classname="Scenario: Verify the user able to search hotel room" name="Scenario: Verify the user able to search hotel room" time="0.002"/>
  <testcase classname="Scenario: Verify the user able to selcet hotel room" name="When : user select and confirm the rooms in room select field" time="0"/>
  <testcase classname="Scenario: Verify the user able to selcet hotel room" name="And : user select the room and continue booking by clicking continue button" time="0"/>
  <testcase classname="Scenario: Verify the user able to selcet hotel room" name="Then : User verify wheather Selecthotel page navigates to Bookahotelpage" time="0"/>
  <testcase classname="Scenario: Verify the user able to selcet hotel room" name="Scenario: Verify the user able to selcet hotel room" time="0.001"/>
  <testcase classname="Scenario: Verify the user able to  book A hotel room" name="When : User enters the user Firstname in firstname field" time="0"/>
  <testcase classname="Scenario: Verify the user able to  book A hotel room" name="And : User enter the user lastname in last name field" time="0"/>
  <testcase classname="Scenario: Verify the user able to  book A hotel room" name="And : User enter the user billing address in address feild" time="0"/>
  <testcase classname="Scenario: Verify the user able to  book A hotel room" name="And : User enter the user credict card details in card feild" time="0"/>
  <testcase classname="Scenario: Verify the user able to  book A hotel room" name="And : User select the user card type in card field" time="0"/>
  <testcase classname="Scenario: Verify the user able to  book A hotel room" name="And : User select the card expiry month in month field" time="0"/>
  <testcase classname="Scenario: Verify the user able to  book A hotel room" name="And : User select the card expiry year in year field" time="0"/>
  <testcase classname="Scenario: Verify the user able to  book A hotel room" name="And : User enters the cvv in cvv field" time="0.001"/>
  <testcase classname="Scenario: Verify the user able to  book A hotel room" name="And : User click the search button in  book a hotel page" time="0.001"/>
  <testcase classname="Scenario: Verify the user able to  book A hotel room" name="Then : User verify wheather the Bookahotel room page to Bookingconfirmation page" time="0"/>
  <testcase classname="Scenario: Verify the user able to  book A hotel room" name="Scenario: Verify the user able to  book A hotel room" time="0.001"/>
  <testcase classname="Scenario: Verify the user able to get booking confirmation" name="When : user click the logout button and exit the app" time="0"/>
  <testcase classname="Scenario: Verify the user able to get booking confirmation" name="Scenario: Verify the user able to get booking confirmation" time="0.001"/>
</testsuite>